# JRE version: OpenJDK Runtime Environment (8.0_242-b01) (build 1.8.0_242-release-1644-b01)
# Java VM: OpenJDK 64-Bit Server VM (25.242-b01 mixed mode windows-amd64 compressed oops)
Heap:
 PSYoungGen      total 314368K, used 274994K [0x00000000d5580000, 0x00000000eee00000, 0x0000000100000000)
  eden space 276992K, 91% used [0x00000000d5580000,0x00000000e4de3118,0x00000000e6400000)
  from space 37376K, 55% used [0x00000000e6400000,0x00000000e7829720,0x00000000e8880000)
  to   space 37376K, 0% used [0x00000000ec980000,0x00000000ec980000,0x00000000eee00000)
 ParOldGen       total 112128K, used 67394K [0x0000000080000000, 0x0000000086d80000, 0x00000000d5580000)
  object space 112128K, 60% used [0x0000000080000000,0x00000000841d0ac0,0x0000000086d80000)
 Metaspace       used 82522K, capacity 86624K, committed 86808K, reserved 1124352K
  class space    used 10902K, capacity 11776K, committed 11824K, reserved 1048576K
GC Heap History (10 events):
Event: 12.237 GC heap before
{Heap before GC invocations=14 (full 2):
 PSYoungGen      total 188416K, used 44899K [0x00000000d5580000, 0x00000000e5900000, 0x0000000100000000)
  eden space 173056K, 17% used [0x00000000d5580000,0x00000000d725a018,0x00000000dfe80000)
  from space 15360K, 99% used [0x00000000dfe80000,0x00000000e0d7ece8,0x00000000e0d80000)
  to   space 22016K, 0% used [0x00000000e4380000,0x00000000e4380000,0x00000000e5900000)
 ParOldGen       total 74240K, used 31946K [0x0000000080000000, 0x0000000084880000, 0x00000000d5580000)
  object space 74240K, 43% used [0x0000000080000000,0x0000000081f328a0,0x0000000084880000)
 Metaspace       used 57020K, capacity 59112K, committed 59160K, reserved 1099776K
  class space    used 7703K, capacity 8235K, committed 8240K, reserved 1048576K
Event: 12.261 GC heap after
Heap after GC invocations=14 (full 2):
 PSYoungGen      total 244224K, used 3807K [0x00000000d5580000, 0x00000000e6100000, 0x0000000100000000)
  eden space 222208K, 0% used [0x00000000d5580000,0x00000000d5580000,0x00000000e2e80000)
  from space 22016K, 17% used [0x00000000e4380000,0x00000000e4737e40,0x00000000e5900000)
  to   space 21504K, 0% used [0x00000000e2e80000,0x00000000e2e80000,0x00000000e4380000)
 ParOldGen       total 74240K, used 43237K [0x0000000080000000, 0x0000000084880000, 0x00000000d5580000)
  object space 74240K, 58% used [0x0000000080000000,0x0000000082a39710,0x0000000084880000)
 Metaspace       used 57020K, capacity 59112K, committed 59160K, reserved 1099776K
  class space    used 7703K, capacity 8235K, committed 8240K, reserved 1048576K
}
Event: 12.261 GC heap before
{Heap before GC invocations=15 (full 3):
 PSYoungGen      total 244224K, used 3807K [0x00000000d5580000, 0x00000000e6100000, 0x0000000100000000)
  eden space 222208K, 0% used [0x00000000d5580000,0x00000000d5580000,0x00000000e2e80000)
  from space 22016K, 17% used [0x00000000e4380000,0x00000000e4737e40,0x00000000e5900000)
  to   space 21504K, 0% used [0x00000000e2e80000,0x00000000e2e80000,0x00000000e4380000)
 ParOldGen       total 74240K, used 43237K [0x0000000080000000, 0x0000000084880000, 0x00000000d5580000)
  object space 74240K, 58% used [0x0000000080000000,0x0000000082a39710,0x0000000084880000)
 Metaspace       used 57020K, capacity 59112K, committed 59160K, reserved 1099776K
  class space    used 7703K, capacity 8235K, committed 8240K, reserved 1048576K
Event: 12.482 GC heap after
Heap after GC invocations=15 (full 3):
 PSYoungGen      total 244224K, used 0K [0x00000000d5580000, 0x00000000e6100000, 0x0000000100000000)
  eden space 222208K, 0% used [0x00000000d5580000,0x00000000d5580000,0x00000000e2e80000)
  from space 22016K, 0% used [0x00000000e4380000,0x00000000e4380000,0x00000000e5900000)
  to   space 21504K, 0% used [0x00000000e2e80000,0x00000000e2e80000,0x00000000e4380000)
 ParOldGen       total 112128K, used 35897K [0x0000000080000000, 0x0000000086d80000, 0x00000000d5580000)
  object space 112128K, 32% used [0x0000000080000000,0x000000008230e5f8,0x0000000086d80000)
 Metaspace       used 57008K, capacity 59070K, committed 59160K, reserved 1099776K
  class space    used 7700K, capacity 8228K, committed 8240K, reserved 1048576K
}
Event: 16.682 GC heap before
{Heap before GC invocations=16 (full 3):
 PSYoungGen      total 244224K, used 222208K [0x00000000d5580000, 0x00000000e6100000, 0x0000000100000000)
  eden space 222208K, 100% used [0x00000000d5580000,0x00000000e2e80000,0x00000000e2e80000)
  from space 22016K, 0% used [0x00000000e4380000,0x00000000e4380000,0x00000000e5900000)
  to   space 21504K, 0% used [0x00000000e2e80000,0x00000000e2e80000,0x00000000e4380000)
 ParOldGen       total 112128K, used 35897K [0x0000000080000000, 0x0000000086d80000, 0x00000000d5580000)
  object space 112128K, 32% used [0x0000000080000000,0x000000008230e5f8,0x0000000086d80000)
 Metaspace       used 66071K, capacity 68994K, committed 69144K, reserved 1107968K
  class space    used 9015K, capacity 9744K, committed 9776K, reserved 1048576K
Event: 16.718 GC heap after
Heap after GC invocations=16 (full 3):
 PSYoungGen      total 243712K, used 21479K [0x00000000d5580000, 0x00000000ea200000, 0x0000000100000000)
  eden space 222208K, 0% used [0x00000000d5580000,0x00000000d5580000,0x00000000e2e80000)
  from space 21504K, 99% used [0x00000000e2e80000,0x00000000e4379e20,0x00000000e4380000)
  to   space 26112K, 0% used [0x00000000e8880000,0x00000000e8880000,0x00000000ea200000)
 ParOldGen       total 112128K, used 39345K [0x0000000080000000, 0x0000000086d80000, 0x00000000d5580000)
  object space 112128K, 35% used [0x0000000080000000,0x000000008266c538,0x0000000086d80000)
 Metaspace       used 66071K, capacity 68994K, committed 69144K, reserved 1107968K
  class space    used 9015K, capacity 9744K, committed 9776K, reserved 1048576K
}
Event: 19.126 GC heap before
{Heap before GC invocations=17 (full 3):
 PSYoungGen      total 243712K, used 243687K [0x00000000d5580000, 0x00000000ea200000, 0x0000000100000000)
  eden space 222208K, 100% used [0x00000000d5580000,0x00000000e2e80000,0x00000000e2e80000)
  from space 21504K, 99% used [0x00000000e2e80000,0x00000000e4379e20,0x00000000e4380000)
  to   space 26112K, 0% used [0x00000000e8880000,0x00000000e8880000,0x00000000ea200000)
 ParOldGen       total 112128K, used 39345K [0x0000000080000000, 0x0000000086d80000, 0x00000000d5580000)
  object space 112128K, 35% used [0x0000000080000000,0x000000008266c538,0x0000000086d80000)
 Metaspace       used 69689K, capacity 73274K, committed 73496K, reserved 1112064K
  class space    used 9502K, capacity 10283K, committed 10288K, reserved 1048576K
Event: 19.167 GC heap after
Heap after GC invocations=17 (full 3):
 PSYoungGen      total 303104K, used 26086K [0x00000000d5580000, 0x00000000eb480000, 0x0000000100000000)
  eden space 276992K, 0% used [0x00000000d5580000,0x00000000d5580000,0x00000000e6400000)
  from space 26112K, 99% used [0x00000000e8880000,0x00000000ea1f9a30,0x00000000ea200000)
  to   space 37376K, 0% used [0x00000000e6400000,0x00000000e6400000,0x00000000e8880000)
 ParOldGen       total 112128K, used 57648K [0x0000000080000000, 0x0000000086d80000, 0x00000000d5580000)
  object space 112128K, 51% used [0x0000000080000000,0x000000008384c0f8,0x0000000086d80000)
 Metaspace       used 69689K, capacity 73274K, committed 73496K, reserved 1112064K
  class space    used 9502K, capacity 10283K, committed 10288K, reserved 1048576K
}
Event: 95.041 GC heap before
{Heap before GC invocations=18 (full 3):
 PSYoungGen      total 303104K, used 303078K [0x00000000d5580000, 0x00000000eb480000, 0x0000000100000000)
  eden space 276992K, 100% used [0x00000000d5580000,0x00000000e6400000,0x00000000e6400000)
  from space 26112K, 99% used [0x00000000e8880000,0x00000000ea1f9a30,0x00000000ea200000)
  to   space 37376K, 0% used [0x00000000e6400000,0x00000000e6400000,0x00000000e8880000)
 ParOldGen       total 112128K, used 57648K [0x0000000080000000, 0x0000000086d80000, 0x00000000d5580000)
  object space 112128K, 51% used [0x0000000080000000,0x000000008384c0f8,0x0000000086d80000)
 Metaspace       used 80372K, capacity 84362K, committed 84504K, reserved 1122304K
  class space    used 10667K, capacity 11517K, committed 11568K, reserved 1048576K
Event: 95.074 GC heap after
Heap after GC invocations=18 (full 3):
 PSYoungGen      total 314368K, used 20645K [0x00000000d5580000, 0x00000000eee00000, 0x0000000100000000)
  eden space 276992K, 0% used [0x00000000d5580000,0x00000000d5580000,0x00000000e6400000)
  from space 37376K, 55% used [0x00000000e6400000,0x00000000e7829720,0x00000000e8880000)
  to   space 37376K, 0% used [0x00000000ec980000,0x00000000ec980000,0x00000000eee00000)
 ParOldGen       total 112128K, used 67394K [0x0000000080000000, 0x0000000086d80000, 0x00000000d5580000)
  object space 112128K, 60% used [0x0000000080000000,0x00000000841d0ac0,0x0000000086d80000)
 Metaspace       used 80372K, capacity 84362K, committed 84504K, reserved 1122304K
  class space    used 10667K, capacity 11517K, committed 11568K, reserved 1048576K
}

